<?xml version="1.0" encoding="UTF-8"?>
<!-- Generated by org.testng.reporters.JUnitXMLReporter -->
<testsuite ignored="0" hostname="DESKTOP-PMHUQ0L" failures="0" tests="1" name="Test-Runner-2" time="108.72" errors="0" timestamp="2023-03-08T16:35:48 IST">
  <testcase classname="vTigerContactTestscript.practice.CreateContWithOrgwithBasClasAssertTest" name="createContactWithOrgTest" time="63.5"/>
</testsuite> <!-- Test-Runner-2 -->
