<?xml version="1.0" encoding="UTF-8"?>
<!-- Generated by org.testng.reporters.JUnitXMLReporter -->
<testsuite ignored="0" hostname="DESKTOP-PMHUQ0L" failures="0" tests="3" name="Test-Runner-1" time="111.053" errors="0" timestamp="2023-03-08T16:35:51 IST">
  <testcase classname="vTigerOrganization.practice.CreateOrganizationwithBaseClasTest" name="createOrganizationTest" time="46.899"/>
  <testcase classname="vTigerOrganization.practice.CreateOrganizationwithBaseClasTest" name="demoScript" time="0.003"/>
  <testcase classname="vTigerOrganization.practice.CreateOrganizationwithBaseClasTest" name="regional" time="0.008"/>
</testsuite> <!-- Test-Runner-1 -->
