<?xml version="1.0" encoding="UTF-8"?>
<!-- Generated by org.testng.reporters.JUnitReportReporter -->
<testsuite hostname="DESKTOP-PMHUQ0L" failures="0" tests="3" name="practice.DataProviderPractice" time="0.016" errors="0" timestamp="2023-03-17T17:47:59 IST" skipped="0">
  <testcase classname="practice.DataProviderPractice" name="addProduct" time="0.002"/>
  <system-out/>
  <testcase classname="practice.DataProviderPractice" name="addProduct" time="0.003"/>
  <system-out/>
  <testcase classname="practice.DataProviderPractice" name="addProduct" time="0.011"/>
  <system-out/>
</testsuite> <!-- practice.DataProviderPractice -->
