<?xml version="1.0" encoding="UTF-8"?>
<!-- Generated by org.testng.reporters.JUnitReportReporter -->
<testsuite hostname="DESKTOP-PMHUQ0L" failures="0" tests="3" name="practice.Testngpractice" time="0.020" errors="0" timestamp="2023-03-02T12:56:59 IST" skipped="1">
  <testcase classname="practice.Testngpractice" name="updateUser" time="0.015"/>
  <system-out/>
  <testcase classname="practice.Testngpractice" name="deleteUser" time="0.005"/>
  <system-out/>
  <testcase classname="practice.Testngpractice" name="createUser">
    <skipped/>
  </testcase> <!-- createUser -->
  <system-out/>
</testsuite> <!-- practice.Testngpractice -->
