<?xml version="1.0" encoding="UTF-8"?>
<!-- Generated by org.testng.reporters.JUnitReportReporter -->
<testsuite hostname="DESKTOP-PMHUQ0L" failures="0" tests="1" name="vTigerOrganization.practice.CreateOrganizationTest" time="61.043" errors="0" timestamp="2023-03-07T19:19:54 IST" skipped="0">
  <testcase classname="vTigerOrganization.practice.CreateOrganizationTest" name="createOrganizationTest" time="61.043"/>
  <system-out/>
</testsuite> <!-- vTigerOrganization.practice.CreateOrganizationTest -->
