<?xml version="1.0" encoding="UTF-8"?>
<!-- Generated by org.testng.reporters.JUnitReportReporter -->
<testsuite hostname="DESKTOP-PMHUQ0L" failures="0" tests="1" name="vTigerContactTestscript.practice.CreateContWithOrgwithBaseClassTest" time="24.786" errors="0" timestamp="2023-03-07T19:45:02 IST" skipped="0">
  <testcase classname="vTigerContactTestscript.practice.CreateContWithOrgwithBaseClassTest" name="createContactWithOrgTest" time="24.786"/>
  <system-out/>
</testsuite> <!-- vTigerContactTestscript.practice.CreateContWithOrgwithBaseClassTest -->
