<?xml version="1.0" encoding="UTF-8"?>
<!-- Generated by org.testng.reporters.JUnitReportReporter -->
<testsuite hostname="DESKTOP-PMHUQ0L" failures="0" tests="1" name="practice.ReadDataFromCmdLine" time="0.015" errors="0" timestamp="2023-03-26T23:06:45 IST" skipped="0">
  <testcase classname="practice.ReadDataFromCmdLine" name="readData" time="0.015"/>
  <system-out/>
</testsuite> <!-- practice.ReadDataFromCmdLine -->
